The system is: Windows - 10.0.22621 - AMD64
Compiling the C compiler identification source file "CMakeCCompilerId.c" succeeded.
Compiler: D:/Microsoft/Visual Studio/2022/Community/VC/Tools/MSVC/14.36.32532/bin/Hostx64/x86/cl.exe 
Build flags: 
Id flags:  

The output was:
0
用于 x86 的 Microsoft (R) C/C++ 优化编译器 19.36.32532 版
版权所有(C) Microsoft Corporation。保留所有权利。

CMakeCCompilerId.c
Microsoft (R) Incremental Linker Version 14.36.32532.0
Copyright (C) Microsoft Corporation.  All rights reserved.

/out:CMakeCCompilerId.exe 
CMakeCCompilerId.obj 


Compilation of the C compiler identification source "CMakeCCompilerId.c" produced "CMakeCCompilerId.exe"

Compilation of the C compiler identification source "CMakeCCompilerId.c" produced "CMakeCCompilerId.obj"

The C compiler identification is MSVC, found in "C:/Users/gzhu03/IdeaProjects/cmd-script/cmake-build-debug/CMakeFiles/3.25.2/CompilerIdC/CMakeCCompilerId.exe"

Compiling the CXX compiler identification source file "CMakeCXXCompilerId.cpp" succeeded.
Compiler: D:/Microsoft/Visual Studio/2022/Community/VC/Tools/MSVC/14.36.32532/bin/Hostx64/x86/cl.exe 
Build flags: 
Id flags:  

The output was:
0
用于 x86 的 Microsoft (R) C/C++ 优化编译器 19.36.32532 版
版权所有(C) Microsoft Corporation。保留所有权利。

CMakeCXXCompilerId.cpp
Microsoft (R) Incremental Linker Version 14.36.32532.0
Copyright (C) Microsoft Corporation.  All rights reserved.

/out:CMakeCXXCompilerId.exe 
CMakeCXXCompilerId.obj 


Compilation of the CXX compiler identification source "CMakeCXXCompilerId.cpp" produced "CMakeCXXCompilerId.exe"

Compilation of the CXX compiler identification source "CMakeCXXCompilerId.cpp" produced "CMakeCXXCompilerId.obj"

The CXX compiler identification is MSVC, found in "C:/Users/gzhu03/IdeaProjects/cmd-script/cmake-build-debug/CMakeFiles/3.25.2/CompilerIdCXX/CMakeCXXCompilerId.exe"

Detecting C compiler ABI info compiled with the following output:
Change Dir: C:/Users/gzhu03/IdeaProjects/cmd-script/cmake-build-debug/CMakeFiles/CMakeScratch/TryCompile-b16oji

Run Build Command(s):D:/JetBrains/CLion 2023.1.3/bin/ninja/win/x64/ninja.exe cmTC_b8560 && [1/2] Building C object CMakeFiles\cmTC_b8560.dir\CMakeCCompilerABI.c.obj
[2/2] Linking C executable cmTC_b8560.exe



Detecting CXX compiler ABI info compiled with the following output:
Change Dir: C:/Users/gzhu03/IdeaProjects/cmd-script/cmake-build-debug/CMakeFiles/CMakeScratch/TryCompile-o90drg

Run Build Command(s):D:/JetBrains/CLion 2023.1.3/bin/ninja/win/x64/ninja.exe cmTC_c9839 && [1/2] Building CXX object CMakeFiles\cmTC_c9839.dir\CMakeCXXCompilerABI.cpp.obj
[2/2] Linking CXX executable cmTC_c9839.exe



